AndroidStudioStudy/1-TheFirstCode/14_More/1_Context/app/build/intermediates/manifest_merge_blame_file/debug/manifest-merger-blame-debug-report.txt
1<?xml version="1.0" encoding="utf-8"?>
2<manifest xmlns:android="http://schemas.android.com/apk/res/android"
3    package="com.bo.a1_context"
4    android:versionCode="1"
5    android:versionName="1.0" >
6
7    <uses-sdk
8        android:minSdkVersion="21"
8-->src\main\AndroidManifest.xml
9        android:targetSdkVersion="30" />
9-->src\main\AndroidManifest.xml
10
11    <application
11-->src\main\AndroidManifest.xml:5:5-26:19
12        android:name="com.bo.a1_context.MyApplication"
12-->src\main\AndroidManifest.xml:6:9-38
13        android:allowBackup="true"
13-->src\main\AndroidManifest.xml:7:9-35
14        android:appComponentFactory="androidx.core.app.CoreComponentFactory"
14-->[androidx.core:core:1.3.2] AndroidManifest.xml:24:18-86
15        android:debuggable="true"
16        android:icon="@mipmap/ic_launcher"
16-->src\main\AndroidManifest.xml:8:9-43
17        android:label="@string/app_name"
17-->src\main\AndroidManifest.xml:9:9-41
18        android:roundIcon="@mipmap/ic_launcher_round"
18-->src\main\AndroidManifest.xml:10:9-54
19        android:supportsRtl="true"
19-->src\main\AndroidManifest.xml:11:9-35
20        android:testOnly="true"
21        android:theme="@style/Theme.1_Context" >
21-->src\main\AndroidManifest.xml:12:9-47
22        <activity
22-->src\main\AndroidManifest.xml:14:9-16:40
23            android:name="com.bo.a1_context.FirstActivity"
23-->src\main\AndroidManifest.xml:15:13-42
24            android:exported="false" />
24-->src\main\AndroidManifest.xml:16:13-37
25        <activity
25-->src\main\AndroidManifest.xml:17:9-25:20
26            android:name="com.bo.a1_context.MainActivity"
26-->src\main\AndroidManifest.xml:18:13-41
27            android:exported="true" >
27-->src\main\AndroidManifest.xml:19:13-36
28            <intent-filter>
28-->src\main\AndroidManifest.xml:20:13-24:29
29                <action android:name="android.intent.action.MAIN" />
29-->src\main\AndroidManifest.xml:21:17-69
29-->src\main\AndroidManifest.xml:21:25-66
30
31                <category android:name="android.intent.category.LAUNCHER" />
31-->src\main\AndroidManifest.xml:23:17-77
31-->src\main\AndroidManifest.xml:23:27-74
32            </intent-filter>
33        </activity>
34    </application>
35
36</manifest>